2018-06-15 21-11-38   ---   
读者:2016081002登录成功：

2018-06-15 21-11-39   ---   借阅证号：2016081002	读者：王芳查询了自己的信息.

2018-06-15 21-11-41   ---   进入修改密码界面.

2018-06-15 21-11-43   ---   借阅证号：2016081002	读者：王芳进入了缴费页面.

2018-06-15 21-11-45   ---   借阅证号：2016081002	读者：王芳进入了个人图书信息页面.

2018-06-15 21-12-11   ---   
读者:2016081002登录成功：

2018-06-15 21-12-13   ---   借阅证号：2016081002	读者：王芳查询了自己的信息.

2018-06-15 21-12-15   ---   进入修改密码界面.

2018-06-15 21-12-20   ---   输入借阅书的ID.

2018-06-15 21-12-20   ---   输入借阅书的ID.

2018-06-15 21-12-20   ---   输入借阅书的ID.

2018-06-15 21-12-24   ---   输入借阅书的ID.

2018-06-15 21-12-24   ---   输入借阅书的ID.

2018-06-15 21-12-25   ---   输入借阅书的ID.

2018-06-15 21-12-25   ---   输入借阅书的ID.

2018-06-15 21-12-28   ---   输入借阅书的ID.

2018-06-15 21-12-28   ---   借阅证号：2016081002 于 2018/6/15 21:12:27  借阅ID为：019  的图书.

2018-06-15 21-12-31   ---   输入还书的图书ID.

2018-06-15 21-12-31   ---   输入还书的图书ID.

2018-06-15 21-12-32   ---   输入还书的图书ID.

2018-06-15 21-12-34   ---   输入还书的图书ID.

2018-06-15 21-12-34   ---   借阅证号：2016081002  归还ID为：019  的图书.

2018-06-15 21-12-38   ---   输入借阅书的ID.

2018-06-15 21-12-38   ---   输入借阅书的ID.

2018-06-15 21-12-39   ---   输入借阅书的ID.

2018-06-15 21-12-42   ---   输入借阅书的ID.

2018-06-15 21-12-42   ---   借阅证号：2016081002 于 2018/6/15 21:12:41  借阅ID为：019  的图书.

2018-06-15 21-12-45   ---   输入还书的图书ID.

2018-06-15 21-12-45   ---   输入还书的图书ID.

2018-06-15 21-12-46   ---   输入还书的图书ID.

2018-06-15 21-12-48   ---   借阅证号：2016081002  续借ID为：019  的图书.

2018-06-15 21-12-48   ---   输入还书的图书ID.

2018-06-15 21-12-58   ---   借阅证号：2016081002	读者：王芳进入了个人图书信息页面.

