2018-06-16 19-32-56   ---   超级管理员:WXH登录成功!

2018-06-16 19-32-57   ---   查看了日志.

2018-06-16 19-33-55   ---   借阅证号:2016081002读者:王芳登录成功!

2018-06-16 19-33-57   ---   进入预定图书界面.

2018-06-16 19-34-23   ---   	读者：王芳进入了缴费页面.

2018-06-16 19-34-26   ---   	读者：王芳进入了个人图书信息页面.

2018-06-16 19-34-34   ---   	读者：王芳查询了自己的信息.

2018-06-16 19-35-15   ---   超级管理员:WXH登录成功!

2018-06-16 19-35-16   ---   查看了日志.

2018-06-16 19-36-10   ---   借阅证号:2016081002读者:王芳登录成功!

2018-06-16 19-36-11   ---   进入预定图书界面.

2018-06-16 19-47-35   ---   借阅证号:2016081002读者:王芳登录成功!

2018-06-16 19-47-40   ---   	读者：王芳进入了个人图书信息页面.

2018-06-16 19-51-51   ---   借阅证号:2016081002读者:王芳登录成功!

2018-06-16 19-51-52   ---   	读者：王芳进入了个人图书信息页面.

2018-06-16 19-52-49   ---   借阅证号:2016081002读者:王芳登录成功!

2018-06-16 19-52-51   ---   	读者：王芳进入了个人图书信息页面.

2018-06-16 19-53-03   ---   	读者：王芳进入了缴费页面.

2018-06-16 20-29-40   ---   借阅证号:2016081002读者:王芳登录成功!

2018-06-16 20-31-21   ---   借阅证号:2016081002读者:王芳登录成功!

2018-06-16 20-31-33   ---   借阅证号:2016081002读者:王芳登录成功!

2018-06-16 20-32-31   ---   超级管理员:WXH登录成功!

2018-06-16 21-35-02   ---   借阅证号:2012041101读者:宋别登录成功!

2018-06-16 21-35-05   ---   	读者：宋别查询了自己的信息.

2018-06-16 21-35-11   ---   进入修改密码界面.

2018-06-16 21-35-15   ---   	读者：宋别进入了缴费页面.

2018-06-16 21-35-17   ---   进入预定图书界面.

2018-06-16 21-38-59   ---   借阅证号:2012041101读者:宋别登录成功!

2018-06-16 21-39-15   ---   进入预定图书界面.

2018-06-16 21-42-00   ---   借阅证号:2013040506读者:韩冰冰登录成功!

2018-06-16 21-42-35   ---   	读者：韩冰冰进入了缴费页面.

2018-06-16 21-42-39   ---   	读者：韩冰冰查询了自己的信息.

2018-06-16 21-42-40   ---   进入修改密码界面.

2018-06-16 21-42-43   ---   进入预定图书界面.

2018-06-16 21-43-31   ---   借阅证号:2013040506读者:韩冰冰登录成功!

2018-06-16 21-43-44   ---   借阅证号:2013040506读者:韩冰冰登录成功!

