2018-06-18 11-59-04   ---   借阅证号:2016081002读者:王芳登录成功!

2018-06-18 11-59-12   ---   进入预定图书界面.

2018-06-18 12-00-24   ---   借阅证号：2016081002	读者：王芳进入了缴费页面.

2018-06-18 12-00-32   ---   借阅证号：2016081002	读者：王芳进入了个人图书信息页面.

2018-06-18 12-00-40   ---   进入预定图书界面.

2018-06-18 12-00-46   ---   借阅证号：2016081002	读者：王芳进入了个人图书信息页面.

2018-06-18 12-00-56   ---   进入预定图书界面.

2018-06-18 12-01-25   ---   输入错误的缴费金额!

2018-06-18 12-01-26   ---   输入正确的缴费金额!

2018-06-18 12-01-28   ---   缴费成功.

2018-06-18 12-01-34   ---   对于不返回任何键列信息的 SelectCommand，不支持 UpdateCommand 的动态 SQL 生成。借阅证号：2016081002选择缴费时出错!

2018-06-18 12-01-41   ---   借阅证号：2016081002	读者：王芳进入了个人图书信息页面.

2018-06-18 12-01-44   ---   进入预定图书界面.

2018-06-18 12-24-47   ---   借阅证号:2016081002读者:王芳登录成功!

2018-06-18 12-24-49   ---   进入预定图书界面.

2018-06-18 12-25-47   ---   借阅证号:2016081002读者:王芳登录成功!

2018-06-18 12-25-48   ---   进入预定图书界面.

2018-06-18 12-27-50   ---   借阅证号:2016081002读者:王芳登录成功!

2018-06-18 12-27-57   ---   输入错误的缴费金额!

2018-06-18 12-27-58   ---   输入正确的缴费金额!

2018-06-18 12-28-07   ---   缴费成功.

2018-06-18 12-28-13   ---   对于不返回任何键列信息的 SelectCommand，不支持 UpdateCommand 的动态 SQL 生成。借阅证号：2016081002选择缴费时出错!

2018-06-18 12-29-09   ---   缴费失败.

2018-06-18 12-29-12   ---   输入错误的缴费金额!

2018-06-18 12-29-13   ---   缴费失败.

2018-06-18 12-29-15   ---   缴费失败.

2018-06-18 12-29-15   ---   缴费失败.

2018-06-18 12-29-15   ---   缴费失败.

2018-06-18 12-29-15   ---   缴费失败.

2018-06-18 12-29-17   ---   输入正确的缴费金额!

2018-06-18 12-29-18   ---   输入错误的缴费金额!

2018-06-18 12-29-18   ---   缴费失败.

2018-06-18 12-29-19   ---   缴费失败.

2018-06-18 12-29-20   ---   缴费失败.

2018-06-18 12-29-20   ---   缴费失败.

2018-06-18 12-29-20   ---   缴费失败.

2018-06-18 12-29-20   ---   缴费失败.

2018-06-18 12-30-53   ---   超级管理员:WXH登录成功!

2018-06-18 12-30-56   ---   查看了日志.

2018-06-18 12-32-06   ---   查看了日志.

2018-06-18 12-32-52   ---   查看了日志.

2018-06-18 12-33-42   ---   查看了日志.

2018-06-18 12:39:04   ---   超级管理员:WXH登录成功!

2018-06-18 12:39:32   ---   超级管理员:WXH登录成功!

2018-06-18 12:44:07   ---   超级管理员:WXH登录成功!

2018-06-18 12:44:08   ---   查看了日志.

2018-06-18 12:48:28   ---   借阅证号:2016081002读者:王芳登录成功!

2018-06-18 12:48:29   ---   进入预定图书界面.

2018-06-18 12:48:39   ---   《拆掉思维里的墙》预订成功

2018-06-18 12:49:21   ---   《《测试》》预订成功

2018-06-18 21:22:50   ---   借阅证号:2016081002读者:王芳登录成功!

2018-06-18 21:25:48   ---   借阅证号：2016081002	读者：王芳进入了缴费页面.

2018-06-18 21:25:56   ---   借阅证号：2016081002	读者：王芳进入了个人图书信息页面.

2018-06-18 21:26:05   ---   借阅证号：2016081002	读者：王芳查询了自己的信息.

2018-06-18 21:26:10   ---   借阅证号：2016081002	读者：王芳进入了缴费页面.

2018-06-18 21:26:44   ---   进入预定图书界面.

2018-06-18 21:26:52   ---   《马克思主义基本原理概论》预订成功

2018-06-18 21:26:58   ---   《ACM国际大学生程序设计竞赛-题目与解读》预订成功

2018-06-18 21:27:10   ---   进入预定图书界面.

2018-06-18 21:30:29   ---   借阅证号:2016081002读者:王芳登录成功!

2018-06-18 21:30:30   ---   进入预定图书界面.

2018-06-18 21:30:56   ---   借阅证号:2016081002读者:王芳登录成功!

2018-06-18 21:30:58   ---   进入预定图书界面.

2018-06-18 21:36:29   ---   借阅证号:2016081002读者:王芳登录成功!

2018-06-18 21:36:30   ---   进入预定图书界面.

2018-06-18 21:36:34   ---   《ACM国际大学生程序设计竞赛-题目与解读》预订成功

2018-06-18 21:37:13   ---   借阅证号:2016081002读者:王芳登录成功!

2018-06-18 21:37:14   ---   进入预定图书界面.

2018-06-18 21:37:19   ---   《电路与模拟电子技术基础》预订成功

2018-06-18 21:37:33   ---   进入预定图书界面.

2018-06-18 21:45:32   ---   借阅证号:2016081002读者:王芳登录成功!

2018-06-18 21:45:33   ---   进入预定图书界面.

2018-06-18 21:46:23   ---   借阅证号:2016081002读者:王芳登录成功!

2018-06-18 21:46:25   ---   进入预定图书界面.

2018-06-18 21:47:51   ---   借阅证号:2016081002读者:王芳登录成功!

2018-06-18 21:47:53   ---   进入预定图书界面.

2018-06-18 21:48:25   ---   借阅证号:2016081002读者:王芳登录成功!

2018-06-18 21:48:26   ---   进入预定图书界面.

2018-06-18 21:48:32   ---   2016081002预定《电路与模拟电子技术基础》成功

2018-06-18 21:49:25   ---   借阅证号:2016081002读者:王芳登录成功!

2018-06-18 21:49:26   ---   进入预定图书界面.

2018-06-18 21:49:30   ---   2016081002预定《电路与模拟电子技术基础》成功

2018-06-18 21:50:02   ---   超级管理员:WXH登录成功!

2018-06-18 21:50:04   ---   查看了日志.

2018-06-18 21:56:45   ---   借阅证号:2016081002读者:王芳登录成功!

2018-06-18 21:56:46   ---   进入预定图书界面.

2018-06-18 21:56:52   ---   2016081002预定《欧美文学名篇选读》成功！

2018-06-18 21:57:02   ---   2016081002预定《欧美文学名篇选读》失效！

2018-06-18 21:57:05   ---   进入预定图书界面.

2018-06-18 21:57:09   ---   2016081002预定《拆掉思维里的墙》成功！

2018-06-18 21:57:14   ---   2016081002取消预定《拆掉思维里的墙》成功！

2018-06-18 21:57:39   ---   超级管理员:WXH登录成功!

2018-06-18 21:57:40   ---   查看了日志.

2018-06-18 23:22:15   ---   借阅证号:2016081002读者:王芳登录成功!

2018-06-18 23:48:35   ---   借阅证号:2016081002读者:王芳登录成功!

2018-06-18 23:48:37   ---   进入预定图书界面.

2018-06-18 23:49:37   ---   进入预定图书界面.

2018-06-18 23:49:43   ---   2016081002预定《拆掉思维里的墙》成功！

2018-06-18 23:49:53   ---   2016081002取消预定《拆掉思维里的墙》成功！

