2018-06-20 01:07:00   ---   借阅证号:2016081002读者:王芳登录成功!

2018-06-20 01:07:02   ---   进入预定图书界面.

2018-06-20 01:07:20   ---   2016081002预定《ACM国际大学生程序设计竞赛-题目与解读》成功！

2018-06-20 01:07:31   ---   2016081002预定《ACM国际大学生程序设计竞赛-题目与解读》失效！

2018-06-20 01:07:54   ---   借阅证号:2016081002读者:王芳登录成功!

2018-06-20 01:07:56   ---   进入预定图书界面.

2018-06-20 01:08:02   ---   2016081002预定《ACM国际大学生程序设计竞赛-题目与解读》成功！

2018-06-20 01:08:25   ---   借阅证号:2016081002读者:王芳登录成功!

2018-06-20 01:08:43   ---   借阅证号:2016081002读者:王芳登录成功!

2018-06-20 01:09:18   ---   借阅证号:2016081002读者:王芳登录成功!

2018-06-20 01:11:17   ---   借阅证号:2016081002读者:王芳登录成功!

2018-06-20 01:11:44   ---   借阅证号:2016081002读者:王芳登录成功!

2018-06-20 01:12:23   ---   借阅证号:2016081002读者:王芳登录成功!

2018-06-20 01:12:27   ---   进入预定图书界面.

2018-06-20 01:12:40   ---   2016081002预定《此生未完成》成功！

2018-06-20 01:12:50   ---   借阅证号:2016081002读者:王芳登录成功!

2018-06-20 12:27:50   ---   借阅证号:2016081002读者:王芳登录成功!

2018-06-20 12:28:00   ---   进入预定图书界面.

2018-06-20 12:28:07   ---   2016081002预定《电路与模拟电子技术基础》成功！

2018-06-20 12:28:38   ---   借阅证号:2016081002读者:王芳登录成功!

2018-06-20 12:29:17   ---   借阅证号:2016081002读者:王芳登录成功!

2018-06-20 12:32:36   ---   借阅证号:2016081002读者:王芳登录成功!

2018-06-20 12:32:50   ---   借阅证号:2016081002读者:王芳登录成功!

2018-06-20 12:35:51   ---   借阅证号:2016081002读者:王芳登录成功!

2018-06-20 12:47:36   ---   借阅证号:2016081002读者:王芳登录成功!

2018-06-20 12:48:45   ---   借阅证号:2016081002读者:王芳登录成功!

2018-06-20 12:51:36   ---   借阅证号:2016081002读者:王芳登录成功!

2018-06-20 12:52:31   ---   借阅证号:2016081002读者:王芳登录成功!

2018-06-20 12:53:11   ---   借阅证号:2016081002读者:王芳登录成功!

2018-06-20 12:53:36   ---   进入预定图书界面.

2018-06-20 12:53:41   ---   2016081002取消预定《电路与模拟电子技术基础》成功！

2018-06-20 12:53:49   ---   2016081002预定《人性的弱点》成功！

2018-06-20 12:53:58   ---   借阅证号:2016081002读者:王芳登录成功!

2018-06-20 12:54:36   ---   借阅证号:2016081002读者:王芳登录成功!

2018-06-20 12:55:07   ---   借阅证号:2016081002读者:王芳登录成功!

2018-06-20 17:13:00   ---   借阅证号:2016081002读者:王芳登录成功!

2018-06-20 17:20:43   ---   借阅证号:2016081002读者:王芳登录成功!

2018-06-20 17:20:53   ---   借阅证号：2016081002	读者：王芳查询了自己的信息.

2018-06-20 17:27:40   ---   借阅证号:2016081002读者:王芳登录成功!

2018-06-20 17:28:18   ---   借阅证号:2016081002读者:王芳登录成功!

2018-06-20 17:29:09   ---   借阅证号:2016081002读者:王芳登录成功!

2018-06-20 17:32:41   ---   借阅证号:2016081002读者:王芳登录成功!

2018-06-20 17:33:01   ---   借阅证号:2016081002读者:王芳登录成功!

2018-06-20 17:36:24   ---   借阅证号:2016081002读者:王芳登录成功!

2018-06-20 17:36:58   ---   借阅证号:2016081002读者:王芳登录成功!

2018-06-20 17:37:32   ---   借阅证号:2016081002读者:王芳登录成功!

2018-06-20 17:42:27   ---   借阅证号:2016081002读者:王芳登录成功!

2018-06-20 17:42:48   ---   借阅证号:2016081002读者:王芳登录成功!

2018-06-20 17:45:21   ---   借阅证号:2016081002读者:王芳登录成功!

2018-06-20 18:04:37   ---   借阅证号:2016081002读者:王芳登录成功!

2018-06-20 18:06:47   ---   借阅证号:2016081002读者:王芳登录成功!

2018-06-20 18:07:02   ---   进入预定图书界面.

2018-06-20 18:07:13   ---   2016081002取消预定《此生未完成》成功！

2018-06-20 18:07:18   ---   2016081002预定《电路与模拟电子技术基础》成功！

2018-06-20 18:07:28   ---   借阅证号:2016081002读者:王芳登录成功!

2018-06-20 18:14:25   ---   借阅证号:2016081002读者:王芳登录成功!

2018-06-20 18:14:31   ---   进入修改密码界面.

2018-06-20 19:48:09   ---   借阅证号:2016081002读者:王芳登录成功!

2018-06-20 19:51:14   ---   借阅证号:2016081002读者:王芳登录成功!

2018-06-20 19:51:40   ---   进入预定图书界面.

2018-06-20 19:51:45   ---   2016081002取消预定《人性的弱点》成功！

2018-06-20 19:51:47   ---   2016081002取消预定《ACM国际大学生程序设计竞赛-题目与解读》成功！

2018-06-20 19:54:50   ---   借阅证号:2016081002读者:王芳登录成功!

2018-06-20 19:54:53   ---   进入预定图书界面.

2018-06-20 19:55:02   ---   2016081002预定《人性的弱点》成功！

2018-06-20 19:55:15   ---   借阅证号:2016081002读者:王芳登录成功!

2018-06-20 19:58:01   ---   借阅证号:2016081002读者:王芳登录成功!

2018-06-20 19:58:12   ---   进入预定图书界面.

2018-06-20 20:02:00   ---   借阅证号:2016081002读者:王芳登录成功!

2018-06-20 20:02:03   ---   进入预定图书界面.

2018-06-20 20:02:19   ---   进入预定图书界面.

2018-06-20 20:02:58   ---   2016081002取消预定《电路与模拟电子技术基础》成功！

2018-06-20 20:03:02   ---   2016081002预定《电路与模拟电子技术基础》成功！

2018-06-20 20:04:56   ---   借阅证号:2016081002读者:王芳登录成功!

2018-06-20 20:05:47   ---   借阅证号:2016081002读者:王芳登录成功!

2018-06-20 20:06:12   ---   借阅证号:2016081002读者:王芳登录成功!

2018-06-20 20:06:35   ---   借阅证号:2016081002读者:王芳登录成功!

2018-06-20 20:08:06   ---   借阅证号:2016081002读者:王芳登录成功!

2018-06-20 20:08:48   ---   借阅证号:2016081002读者:王芳登录成功!

2018-06-20 20:08:52   ---   进入预定图书界面.

2018-06-20 20:08:56   ---   2016081002取消预定《人性的弱点》成功！

2018-06-20 20:09:00   ---   进入预定图书界面.

2018-06-20 20:09:04   ---   2016081002预定《人性的弱点》成功！

2018-06-20 20:10:54   ---   借阅证号:2016081002读者:王芳登录成功!

2018-06-20 20:13:25   ---   借阅证号:2016081002读者:王芳登录成功!

2018-06-20 20:15:41   ---   借阅证号:2016081002读者:王芳登录成功!

2018-06-20 20:18:36   ---   借阅证号:2016081002读者:王芳登录成功!

2018-06-20 20:18:41   ---   进入预定图书界面.

2018-06-20 20:18:45   ---   2016081002取消预定《人性的弱点》成功！

2018-06-20 20:18:59   ---   借阅证号:2016081002读者:王芳登录成功!

2018-06-20 20:19:02   ---   进入预定图书界面.

2018-06-20 20:19:09   ---   2016081002预定《人性的弱点》成功！

2018-06-20 20:20:00   ---   借阅证号:2016081002读者:王芳登录成功!

2018-06-20 20:20:03   ---   进入预定图书界面.

2018-06-20 20:20:07   ---   2016081002取消预定《人性的弱点》成功！

2018-06-20 20:20:19   ---   进入预定图书界面.

2018-06-20 20:20:25   ---   2016081002预定《人性的弱点》成功！

2018-06-20 20:34:26   ---   借阅证号:2016081002读者:王芳登录成功!

2018-06-20 20:34:37   ---   进入预定图书界面.

2018-06-20 20:34:42   ---   2016081002取消预定《人性的弱点》成功！

2018-06-20 20:34:47   ---   进入预定图书界面.

2018-06-20 20:34:54   ---   2016081002预定《人性的弱点》成功！

2018-06-20 20:35:29   ---   The connection is already open.
2018-06-20 20:35:36   ---   The connection is already open.
2018-06-20 20:35:50   ---   The connection is already open.
2018-06-20 20:41:25   ---   借阅证号:2016081002读者:王芳登录成功!

2018-06-20 20:42:18   ---   借阅证号:2016081002读者:王芳登录成功!

2018-06-20 20:43:22   ---   借阅证号:2016081002读者:王芳登录成功!

2018-06-20 20:45:47   ---   The connection is already open.
2018-06-20 20:46:24   ---   The connection is already open.
2018-06-20 20:47:24   ---   The connection is already open.
2018-06-20 20:48:59   ---   借阅证号:2016081002读者:王芳登录成功!

2018-06-20 22:08:29   ---   借阅证号:2016081002读者:王芳登录成功!

2018-06-20 22:08:31   ---   进入预定图书界面.

2018-06-20 22:09:11   ---   借阅证号:2016081002读者:王芳登录成功!

2018-06-20 22:17:17   ---   借阅证号:2016081002读者:王芳登录成功!

2018-06-20 22:17:41   ---   进入预定图书界面.

2018-06-20 22:17:46   ---   2016081002取消预定《人性的弱点》成功！

2018-06-20 22:20:08   ---   超级管理员:WXH登录成功!

2018-06-20 22:20:36   ---   借阅证号:2016081002读者:王芳登录成功!

2018-06-20 22:20:48   ---   借阅证号:2016081002读者:王芳登录成功!

2018-06-20 22:21:26   ---   超级管理员:LXL登录成功!

2018-06-20 22:21:38   ---   删除 编号为: 01010110666 ID号为: 019 的书籍

2018-06-20 22:21:49   ---   借阅证号:2016081002读者:王芳登录成功!

2018-06-20 22:24:05   ---   借阅证号:2016081002读者:王芳登录成功!

2018-06-20 22:24:42   ---   借阅证号:2016081002读者:王芳登录成功!

2018-06-20 22:25:10   ---   借阅证号:2016081002读者:王芳登录成功!

2018-06-20 22:30:54   ---   借阅证号:2016081002读者:王芳登录成功!

2018-06-20 22:32:34   ---   借阅证号:2016081002读者:王芳登录成功!

2018-06-20 22:33:09   ---   借阅证号:2016081002读者:王芳登录成功!

2018-06-20 22:35:21   ---   借阅证号:2016081002读者:王芳登录成功!

2018-06-20 22:37:35   ---   借阅证号:2016081002读者:王芳登录成功!

2018-06-20 22:39:03   ---   借阅证号:2016081002读者:王芳登录成功!

2018-06-20 22:39:16   ---   借阅证号:2016081002读者:王芳登录成功!

2018-06-20 22:40:29   ---   借阅证号:2016081002读者:王芳登录成功!

2018-06-20 22:40:43   ---   进入预定图书界面.

2018-06-20 22:40:47   ---   2016081002取消预定《《测试》》成功！

2018-06-20 22:40:52   ---   2016081002预定《此生未完成》成功！

2018-06-20 22:40:56   ---   2016081002预定《ACM国际大学生程序设计竞赛-题目与解读》成功！

2018-06-20 22:41:04   ---   进入预定图书界面.

2018-06-20 22:41:18   ---   借阅证号:2016081002读者:王芳登录成功!

2018-06-20 22:41:22   ---   进入预定图书界面.

2018-06-20 22:41:26   ---   2016081002取消预定《此生未完成》成功！

2018-06-20 22:41:29   ---   进入预定图书界面.

2018-06-20 22:41:32   ---   2016081002取消预定《ACM国际大学生程序设计竞赛-题目与解读》成功！

2018-06-20 22:43:17   ---   借阅证号:2016081002读者:王芳登录成功!

2018-06-20 22:43:19   ---   进入预定图书界面.

2018-06-20 22:43:26   ---   2016081002预定《人性的弱点》成功！

2018-06-20 22:43:35   ---   2016081002预定《ACM国际大学生程序设计竞赛-题目与解读》成功！

2018-06-20 22:44:22   ---   借阅证号:2016081002读者:王芳登录成功!

2018-06-20 22:45:16   ---   进入预定图书界面.

2018-06-20 22:45:22   ---   2016081002取消预定《人性的弱点》成功！

2018-06-20 22:45:25   ---   进入预定图书界面.

2018-06-20 22:45:32   ---   2016081002取消预定《ACM国际大学生程序设计竞赛-题目与解读》成功！

2018-06-20 22:52:38   ---   借阅证号:2016081002读者:王芳登录成功!

2018-06-20 22:52:46   ---   进入预定图书界面.

2018-06-20 22:52:53   ---   2016081002预定《人性的弱点》成功！

2018-06-20 22:58:33   ---   借阅证号:2016081002读者:王芳登录成功!

