2018-06-17 09-55-02   ---   借阅证号:2016081002读者:王芳登录成功!

2018-06-17 09-55-04   ---   进入预定图书界面.

2018-06-17 10-09-14   ---   借阅证号:2016081002读者:王芳登录成功!

2018-06-17 10-09-26   ---   输入借阅书的ID.

2018-06-17 10-09-26   ---   输入借阅书的ID.

2018-06-17 10-09-27   ---   输入借阅书的ID.

2018-06-17 10-09-28   ---   输入图书ID.

2018-06-17 10-09-30   ---   输入借阅书的ID.

2018-06-17 10-11-05   ---   输入还书的图书ID.

2018-06-17 10-11-05   ---   输入还书的图书ID.

2018-06-17 10-11-05   ---   输入还书的图书ID.

2018-06-17 10-11-09   ---   进行还书操作.

2018-06-17 10-11-09   ---   输入还书的图书ID.

2018-06-17 10-11-09   ---   借阅证号：2016081002  归还ID为：012  的图书.

2018-06-17 10-11-17   ---   进行还书操作.

2018-06-17 10-18-10   ---   借阅证号:2016081002读者:王芳登录成功!

2018-06-17 10-19-25   ---   借阅证号：2016081002	读者：王芳进入了缴费页面.

2018-06-17 10-19-44   ---   借阅证号:2016081002读者:王芳登录成功!

2018-06-17 10-20-51   ---   输入借阅书的ID.

2018-06-17 10-20-51   ---   输入借阅书的ID.

2018-06-17 10-20-51   ---   输入借阅书的ID.

2018-06-17 10-20-52   ---   输入借阅书的ID.

2018-06-17 10-20-52   ---   输入借阅书的ID.

2018-06-17 10-20-53   ---   输入图书ID.

2018-06-17 10-20-54   ---   输入借阅书的ID.

2018-06-17 10-21-25   ---   输入还书的图书ID.

2018-06-17 10-21-25   ---   输入还书的图书ID.

2018-06-17 10-21-26   ---   输入还书的图书ID.

2018-06-17 10-21-28   ---   进行还书操作.

2018-06-17 10-21-28   ---   输入还书的图书ID.

2018-06-17 10-21-28   ---   借阅证号：2016081002  归还ID为：016  的图书.

2018-06-17 10-23-09   ---   借阅证号:2016081001读者:王明登录成功!

2018-06-17 10-24-39   ---   借阅证号:2016081001读者:王明登录成功!

2018-06-17 10-25-27   ---   借阅证号:2016081001读者:王明登录成功!

2018-06-17 10-25-34   ---   输入还书的图书ID.

2018-06-17 10-25-35   ---   输入还书的图书ID.

2018-06-17 10-25-35   ---   输入还书的图书ID.

2018-06-17 10-25-35   ---   输入还书的图书ID.

2018-06-17 10-25-35   ---   输入还书的图书ID.

2018-06-17 10-25-38   ---   进行还书操作.

2018-06-17 10-25-38   ---   输入还书的图书ID.

2018-06-17 10-25-38   ---   借阅证号：2016081001  归还ID为：003  的图书.

2018-06-17 10-30-25   ---   借阅证号:2016081002读者:王芳登录成功!

2018-06-17 10-37-10   ---   借阅证号:2016081002读者:王芳登录成功!

2018-06-17 10-38-10   ---   输入错误的缴费金额!

2018-06-17 10-38-11   ---   输入错误的缴费金额!

2018-06-17 10-38-11   ---   输入错误的缴费金额!

2018-06-17 10-38-11   ---   输入正确的缴费金额!

2018-06-17 10-38-13   ---   缴费成功.

2018-06-17 10-38-18   ---   借阅证号：2016081002	读者：王芳进入了缴费页面.

2018-06-17 10-38-54   ---   超级管理员:WXH登录成功!

2018-06-17 10-38-55   ---   查看了日志.

2018-06-17 10-44-20   ---   超级管理员:WXH登录成功!

2018-06-17 10-44-21   ---   查看了日志.

2018-06-17 10-47-24   ---   超级管理员:WXH登录成功!

2018-06-17 10-48-52   ---   超级管理员:WXH登录成功!

2018-06-17 10-49-01   ---   查看了日志.

2018-06-17 10-50-38   ---   超级管理员:WXH登录成功!

2018-06-17 10-50-40   ---   查看了日志.

2018-06-17 10-50-49   ---   查看了日志.

2018-06-17 11-09-25   ---   借阅证号:2016081002读者:王芳登录成功!

2018-06-17 11-09-35   ---   进入修改密码界面.

2018-06-17 11-09-38   ---   借阅证号：2016081002	读者：王芳查询了自己的信息.

2018-06-17 11-09-42   ---   借阅证号：2016081002	读者：王芳查询了自己的信息.

2018-06-17 11-09-52   ---   进入预定图书界面.

2018-06-17 11-09-55   ---   借阅证号：2016081002	读者：王芳进入了个人图书信息页面.

2018-06-17 11-09-57   ---   借阅证号：2016081002	读者：王芳进入了缴费页面.

2018-06-17 11-09-59   ---   进入修改密码界面.

2018-06-17 11-16-15   ---   借阅证号:2016081002读者:王芳登录成功!

2018-06-17 11-16-18   ---   进入预定图书界面.

2018-06-17 11-19-13   ---   借阅证号:2016081002读者:王芳登录成功!

2018-06-17 11-19-14   ---   进入预定图书界面.

2018-06-17 11-20-52   ---   借阅证号:2016081002读者:王芳登录成功!

2018-06-17 11-20-53   ---   进入预定图书界面.

2018-06-17 11-25-41   ---   借阅证号:2016081002读者:王芳登录成功!

2018-06-17 11-25-43   ---   借阅证号：2016081002	读者：王芳查询了自己的信息.

2018-06-17 11-25-45   ---   进入修改密码界面.

2018-06-17 11-26-38   ---   借阅证号：2016081002	读者：王芳进入了缴费页面.

2018-06-17 11-26-40   ---   进入预定图书界面.

2018-06-17 11-26-47   ---   借阅证号：2016081002	读者：王芳进入了缴费页面.

2018-06-17 11-27-42   ---   借阅证号:2016081002读者:王芳登录成功!

2018-06-17 11-27-44   ---   借阅证号：2016081002	读者：王芳进入了缴费页面.

2018-06-17 11-33-51   ---   借阅证号:2016081002读者:王芳登录成功!

2018-06-17 11-33-54   ---   进入预定图书界面.

2018-06-17 11-34-26   ---     借阅ID为：016  的图书,
2018-06-17 11-34-42   ---     归还ID为：016  的图书,
2018-06-17 11-34-57   ---     借阅ID为：016  的图书,
2018-06-17 11-35-02   ---     续借ID为：016  的图书,
2018-06-17 12-33-40   ---   借阅证号:2012041100读者:韩英美登录成功!

2018-06-17 12-34-40   ---   借阅证号:2016081002读者:王芳登录成功!

2018-06-17 12-34-55   ---   借阅证号:2016081002读者:王芳登录成功!

2018-06-17 12-38-55   ---   借阅证号:2016081002读者:王芳登录成功!

2018-06-17 12-39-34   ---   借阅证号:2012041100读者:韩英美登录成功!

2018-06-17 12-40-07   ---   借阅证号:2012041100读者:韩英美登录成功!

2018-06-17 12-40-09   ---   借阅证号：2012041100	读者：韩英美查询了自己的信息.

2018-06-17 12-40-15   ---   进入修改密码界面.

2018-06-17 12-41-41   ---     借阅ID为：001  的图书,
2018-06-17 12-43-27   ---   借阅证号：2012041100	读者：韩英美进入了个人图书信息页面.

2018-06-17 12-44-02   ---   借阅证号：2012041100	读者：韩英美进入了缴费页面.

2018-06-17 12-47-06   ---   借阅证号：2012041100	读者：韩英美进入了缴费页面.

2018-06-17 12-47-40   ---   借阅证号:2016081002读者:王芳登录成功!

2018-06-17 12-48-23   ---     归还ID为：016  的图书,
2018-06-17 12-52-53   ---     借阅ID为：016  的图书,
2018-06-17 12-54-24   ---     续借ID为：016  的图书,
2018-06-17 12-55-08   ---     续借ID为：016  的图书,
2018-06-17 12-56-33   ---   借阅证号：2016081002	读者：王芳进入了个人图书信息页面.

2018-06-17 12-57-50   ---   借阅证号:2016030109读者:王刚登录成功!

2018-06-17 13-00-01   ---     归还ID为：021  的图书,
2018-06-17 13-01-35   ---     借阅ID为：021  的图书,
2018-06-17 13-02-25   ---     归还ID为：021  的图书,
2018-06-17 13-04-25   ---   输入错误的缴费金额!

2018-06-17 13-04-27   ---   缴费失败.

2018-06-17 13-04-29   ---   缴费失败.

2018-06-17 13-04-29   ---   缴费失败.

2018-06-17 13-04-29   ---   缴费失败.

2018-06-17 13-04-31   ---   输入错误的缴费金额!

2018-06-17 13-04-32   ---   输入错误的缴费金额!

2018-06-17 13-04-32   ---   输入错误的缴费金额!

2018-06-17 13-04-33   ---   输入错误的缴费金额!

2018-06-17 13-04-33   ---   输入错误的缴费金额!

2018-06-17 13-04-34   ---   输入错误的缴费金额!

2018-06-17 13-04-34   ---   输入错误的缴费金额!

2018-06-17 13-04-34   ---   输入错误的缴费金额!

2018-06-17 13-04-35   ---   输入错误的缴费金额!

2018-06-17 13-04-36   ---   缴费失败.

2018-06-17 13-04-36   ---   缴费失败.

2018-06-17 13-04-36   ---   缴费失败.

2018-06-17 13-04-37   ---   缴费失败.

2018-06-17 13-04-37   ---   缴费失败.

2018-06-17 13-04-37   ---   缴费失败.

2018-06-17 13-04-37   ---   缴费失败.

2018-06-17 13-04-38   ---   输入错误的缴费金额!

2018-06-17 13-04-40   ---   输入错误的缴费金额!

2018-06-17 13-04-41   ---   输入错误的缴费金额!

2018-06-17 13-04-41   ---   输入错误的缴费金额!

2018-06-17 13-04-41   ---   输入正确的缴费金额!

2018-06-17 13-04-42   ---   输入错误的缴费金额!

2018-06-17 13-04-43   ---   输入错误的缴费金额!

2018-06-17 13-04-43   ---   输入错误的缴费金额!

2018-06-17 13-04-43   ---   输入错误的缴费金额!

2018-06-17 13-04-43   ---   输入错误的缴费金额!

2018-06-17 13-04-43   ---   输入错误的缴费金额!

2018-06-17 13-04-43   ---   输入错误的缴费金额!

2018-06-17 13-04-43   ---   输入错误的缴费金额!

2018-06-17 13-04-43   ---   输入错误的缴费金额!

2018-06-17 13-04-43   ---   输入错误的缴费金额!

2018-06-17 13-04-43   ---   输入错误的缴费金额!

2018-06-17 13-04-43   ---   输入错误的缴费金额!

2018-06-17 13-04-44   ---   输入错误的缴费金额!

2018-06-17 13-04-44   ---   输入错误的缴费金额!

2018-06-17 13-04-44   ---   输入错误的缴费金额!

2018-06-17 13-04-44   ---   输入错误的缴费金额!

2018-06-17 13-04-44   ---   输入错误的缴费金额!

2018-06-17 13-04-44   ---   输入错误的缴费金额!

2018-06-17 13-04-44   ---   输入错误的缴费金额!

2018-06-17 13-04-44   ---   输入错误的缴费金额!

2018-06-17 13-04-45   ---   缴费失败.

2018-06-17 13-04-45   ---   缴费失败.

2018-06-17 13-04-45   ---   缴费失败.

2018-06-17 13-04-46   ---   缴费失败.

2018-06-17 13-04-46   ---   缴费失败.

2018-06-17 13-04-46   ---   缴费失败.

2018-06-17 13-04-46   ---   缴费失败.

2018-06-17 13-04-46   ---   缴费失败.

2018-06-17 13-04-48   ---   缴费失败.

2018-06-17 13-04-48   ---   缴费失败.

2018-06-17 13-04-48   ---   缴费失败.

2018-06-17 13-04-50   ---   缴费失败.

2018-06-17 13-04-50   ---   缴费失败.

2018-06-17 13-04-53   ---   输入错误的缴费金额!

2018-06-17 13-04-54   ---   缴费失败.

2018-06-17 13-04-55   ---   缴费失败.

2018-06-17 13-04-55   ---   缴费失败.

2018-06-17 13-04-55   ---   缴费失败.

2018-06-17 13-04-55   ---   缴费失败.

2018-06-17 13-04-55   ---   缴费失败.

2018-06-17 13-04-55   ---   缴费失败.

2018-06-17 13-04-55   ---   缴费失败.

2018-06-17 13-04-56   ---   缴费失败.

2018-06-17 13-04-57   ---   输入错误的缴费金额!

2018-06-17 13-04-58   ---   输入错误的缴费金额!

2018-06-17 13-04-58   ---   缴费失败.

2018-06-17 13-04-58   ---   缴费失败.

2018-06-17 13-04-59   ---   缴费失败.

2018-06-17 13-04-59   ---   缴费失败.

2018-06-17 13-04-59   ---   缴费失败.

2018-06-17 13-05-02   ---   缴费失败.

2018-06-17 13-05-02   ---   缴费失败.

2018-06-17 13-05-02   ---   缴费失败.

2018-06-17 13-05-02   ---   缴费失败.

2018-06-17 13-05-02   ---   缴费失败.

2018-06-17 13-05-03   ---   缴费失败.

2018-06-17 13-05-03   ---   缴费失败.

2018-06-17 13-05-03   ---   缴费失败.

2018-06-17 13-05-03   ---   缴费失败.

2018-06-17 13-05-03   ---   缴费失败.

2018-06-17 13-05-04   ---   缴费失败.

2018-06-17 13-05-04   ---   缴费失败.

2018-06-17 13-05-04   ---   缴费失败.

2018-06-17 13-05-04   ---   缴费失败.

2018-06-17 13-05-04   ---   缴费失败.

2018-06-17 13-05-04   ---   缴费失败.

2018-06-17 13-05-05   ---   缴费失败.

2018-06-17 13-05-05   ---   缴费失败.

2018-06-17 13-05-05   ---   缴费失败.

2018-06-17 13-05-05   ---   缴费失败.

2018-06-17 13-05-07   ---   输入正确的缴费金额!

2018-06-17 13-05-09   ---   输入错误的缴费金额!

2018-06-17 13-05-11   ---   缴费失败.

2018-06-17 13-05-11   ---   缴费失败.

2018-06-17 13-05-11   ---   缴费失败.

2018-06-17 13-05-12   ---   缴费失败.

2018-06-17 13-05-12   ---   缴费失败.

2018-06-17 13-05-12   ---   缴费失败.

2018-06-17 13-05-12   ---   缴费失败.

2018-06-17 13-05-13   ---   缴费失败.

2018-06-17 13-05-13   ---   缴费失败.

2018-06-17 13-05-13   ---   缴费失败.

2018-06-17 13-05-13   ---   缴费失败.

2018-06-17 13-05-13   ---   缴费失败.

2018-06-17 13-05-14   ---   缴费失败.

2018-06-17 13-05-14   ---   缴费失败.

2018-06-17 13-05-15   ---   缴费失败.

2018-06-17 13-05-15   ---   缴费失败.

2018-06-17 13-05-15   ---   缴费失败.

2018-06-17 13-05-15   ---   缴费失败.

2018-06-17 13-05-21   ---   输入正确的缴费金额!

2018-06-17 13-05-23   ---   缴费成功.

2018-06-17 13-05-35   ---   进入预定图书界面.

2018-06-17 13-05-39   ---   借阅证号：2016030109	读者：王刚查询了自己的信息.

2018-06-17 13-06-38   ---   超级管理员:WXH登录成功!

2018-06-17 13-06-41   ---   查看了日志.

2018-06-17 13-06-53   ---   查看了日志.

2018-06-17 13-08-28   ---   Data too long for column 'ReaderType' at row 1
2018-06-17 13-08-34   ---   Data too long for column 'ReaderType' at row 1
2018-06-17 13-08-40   ---   Data too long for column 'ReaderType' at row 1
2018-06-17 13-10-34   ---   超级管理员:WXH登录成功!

2018-06-17 13-12-57   ---   超级管理员:WXH登录成功!

2018-06-17 13-13-32   ---   修改 用户:李四() 成都信息工程大学 大数据 13267678989 111111 本科生

2018-06-17 13-13-37   ---   修改 用户:韩英美() 成都信息工程大学 计算机 16709842342 111111 研究生

2018-06-17 13-14-03   ---   修改 用户:韩英美() 成都信息工程大学 计算机 16709842342 111111 研究生

2018-06-17 13-14-05   ---   修改 用户:韩英美() 成都信息工程大学 计算机 16709842342 111111 研究生

2018-06-17 13-14-06   ---   修改 用户:韩英美() 成都信息工程大学 计算机 16709842342 111111 研究生

2018-06-17 13-14-08   ---   修改 用户:韩英美() 成都信息工程大学 计算机 16709842342 111111 研究生

2018-06-17 13-14-16   ---   修改 用户:韩英美() 成都信息工程大学 计算机 16709842342 ------ 研究生

2018-06-17 13-14-51   ---   修改 用户:韩英美() 成都信息工程大学 计算机 16709842342        研究生

2018-06-17 13-15-10   ---   修改 用户:韩英美() 成都信息工程大学 计算机 16709842342        研究生

2018-06-17 13-15-25   ---   修改 用户:DFB()  计算机 16709842342        研究生

2018-06-17 13-15-37   ---   修改 用户:DFB()   16709842342        研究生

2018-06-17 13-15-40   ---   修改 用户:DFB()           研究生

2018-06-17 13-15-47   ---   修改 用户:DFB()           CS

2018-06-17 13-15-58   ---   修改 用户:DFB()           CS

2018-06-17 13-17-22   ---   借阅证号:2012041100读者:DFB登录成功!

2018-06-17 13-23-21   ---   超级管理员:WXH登录成功!

2018-06-17 13-24-49   ---   删除 借阅号为：的用户

2018-06-17 13-25-24   ---   删除 借阅号为：的用户

2018-06-17 13-25-31   ---   删除 借阅号为：的用户

2018-06-17 13-25-34   ---   删除 借阅号为：的用户

2018-06-17 13-25-39   ---   删除 借阅号为：的用户

2018-06-17 13-25-41   ---   删除 借阅号为：的用户

2018-06-17 13-25-43   ---   删除 借阅号为：的用户

2018-06-17 13-27-04   ---   删除 借阅号为：的用户

2018-06-17 13-27-06   ---   删除 借阅号为：的用户

2018-06-17 13-27-08   ---   删除 借阅号为：的用户

2018-06-17 13-27-09   ---   删除 借阅号为：的用户

2018-06-17 13-27-13   ---   删除 借阅号为：的用户

2018-06-17 13-27-18   ---   删除 借阅号为：的用户

2018-06-17 13-27-20   ---   删除 借阅号为：的用户

2018-06-17 13-27-21   ---   删除 借阅号为：的用户

2018-06-17 13-27-55   ---   删除 借阅号为：的用户

2018-06-17 13-27-57   ---   删除 借阅号为：的用户

2018-06-17 13-27-58   ---   删除 借阅号为：的用户

2018-06-17 13-28-00   ---   删除 借阅号为：的用户

2018-06-17 13-30-05   ---   超级管理员:WXH登录成功!

2018-06-17 13-30-51   ---   超级管理员:WXH登录成功!

2018-06-17 13-32-39   ---   查看了日志.

2018-06-17 13-32-56   ---   查看了日志.

2018-06-17 13-33-03   ---   查看了日志.

2018-06-17 13-33-59   ---   超级管理员:Admin登录成功!

2018-06-17 13-35-21   ---   添加  12   0 12 
2018-06-17 13-36-46   ---   添加 123 123   0 123 
2018-06-17 13-37-15   ---   添加 11 11   0 11 
2018-06-17 13-37-57   ---   删除 编号为: 12 ID号为:  的书籍

2018-06-17 13-39-00   ---   删除 编号为: 12 ID号为:  的书籍

2018-06-17 13-39-02   ---   删除 编号为: 12 ID号为:  的书籍

2018-06-17 13-39-05   ---   删除 编号为: 12 ID号为:  的书籍

2018-06-17 13-39-11   ---   删除 编号为: 12 ID号为:  的书籍

2018-06-17 13-39-30   ---   删除 编号为: 12 ID号为:  的书籍

2018-06-17 13-39-32   ---   删除 编号为: 12 ID号为:  的书籍

2018-06-17 13-39-35   ---   删除 编号为: 12 ID号为:  的书籍

2018-06-17 13-39-37   ---   删除 编号为: 12 ID号为:  的书籍

2018-06-17 13-42-46   ---   超级管理员:WXH登录成功!

2018-06-17 13-46-47   ---   超级管理员:Admin登录成功!

2018-06-17 13-46-50   ---   查看了日志.

2018-06-17 13-46-57   ---   查看了日志.

2018-06-17 13-48-31   ---   添加 12 12   0 12 
2018-06-17 13-49-12   ---   删除 编号为: 12 ID号为: 12 的书籍

2018-06-17 13-51-36   ---   借阅证号:2016081002读者:王芳登录成功!

2018-06-17 13-51-37   ---   进入预定图书界面.

2018-06-17 13-57-03   ---   借阅证号:2016081002读者:王芳登录成功!

2018-06-17 13-57-07   ---   进入预定图书界面.

2018-06-17 13-57-56   ---   借阅证号：2016081002	读者：王芳查询了自己的信息.

2018-06-17 13-58-02   ---   借阅证号：2016081002	读者：王芳查询了自己的信息.

2018-06-17 13-58-29   ---   进入修改密码界面.

2018-06-17 14-00-12   ---   进入修改密码界面.

2018-06-17 14-00-31   ---   进入修改密码界面.

2018-06-17 14-01-03   ---   借阅证号：2016081002	读者：王芳进入了缴费页面.

2018-06-17 14-02-16   ---     借阅ID为：010  的图书,
2018-06-17 14-03-35   ---   借阅证号：2016081002	读者：王芳进入了缴费页面.

2018-06-17 14-03-39   ---   借阅证号：2016081002	读者：王芳进入了缴费页面.

2018-06-17 14-03-52   ---     归还ID为：010  的图书,
2018-06-17 14-04-32   ---   借阅证号：2016081002	读者：王芳进入了个人图书信息页面.

2018-06-17 14-05-47   ---   超级管理员:Admin登录成功!

2018-06-17 14-07-09   ---   超级管理员:WXH登录成功!

2018-06-17 14-08-41   ---   Data too long for column 'TelNumber' at row 1
2018-06-17 14-08-54   ---   Data too long for column 'TelNumber' at row 1
2018-06-17 14-09-03   ---   添加 用户:按考生加分哈吉(123456789) fkjadhk jh askdjahkfhaSsjafjkaj 111 000000 sda

2018-06-17 14-11-09   ---   添加 用户:按考生加分哈吉(1234567890) fkjadhk jh askdjahkfhaSsjafjkaj 111 000000 sda

2018-06-17 14-12-15   ---   查看了日志.

2018-06-17 14-13-05   ---   超级管理员:Admin登录成功!

2018-06-17 14-13-54   ---   添加 333 qqqq   0 333 
2018-06-17 14-15-28   ---   删除 编号为: 11 ID号为: 11 的书籍

2018-06-17 14-16-08   ---   删除 编号为: 123 ID号为: 123 的书籍

2018-06-17 14-17-38   ---   添加 123456789 《测试》 lipan pan 10 999 软件
2018-06-17 14-18-19   ---   删除 编号为: 333 ID号为: 333 的书籍

2018-06-17 14-18-36   ---   查看了日志.

2018-06-17 14-19-52   ---   超级管理员:WXH登录成功!

2018-06-17 14-20-51   ---   修改 用户:梁红() 成都信息工程大学 软件工程 13534566784 123456 研究生

2018-06-17 14-21-45   ---   超级管理员:Admin登录成功!

2018-06-17 14-24-58   ---   借阅证号:2012041101读者:宋别登录成功!

2018-06-17 14-25-01   ---   借阅证号：2012041101	读者：宋别查询了自己的信息.

2018-06-17 14-25-17   ---   借阅证号：2012041101	读者：宋别查询了自己的信息.

2018-06-17 14-25-19   ---   借阅证号：2012041101	读者：宋别进入了个人图书信息页面.

2018-06-17 14-25-42   ---   借阅证号：2012041101	读者：宋别进入了缴费页面.

2018-06-17 14-25-47   ---   进入预定图书界面.

2018-06-17 14-27-02   ---   借阅证号：2012041101	读者：宋别进入了缴费页面.

2018-06-17 14-28-09   ---   借阅证号:2013040506读者:韩冰冰登录成功!

2018-06-17 14-29-06   ---     借阅ID为：021  的图书,
2018-06-17 14-30-17   ---   借阅证号：2013040506	读者：韩冰冰进入了缴费页面.

2018-06-17 14-31-03   ---     归还ID为：021  的图书,
2018-06-17 14-31-14   ---   输入错误的缴费金额!

2018-06-17 14-31-14   ---   输入错误的缴费金额!

2018-06-17 14-31-14   ---   输入错误的缴费金额!

2018-06-17 14-31-17   ---   缴费失败.

2018-06-17 14-31-20   ---   输入错误的缴费金额!

2018-06-17 14-31-20   ---   输入错误的缴费金额!

2018-06-17 14-31-20   ---   输入错误的缴费金额!

2018-06-17 14-31-20   ---   输入正确的缴费金额!

2018-06-17 14-31-23   ---   缴费成功.

2018-06-17 14-34-09   ---   借阅证号:2016081002读者:王芳登录成功!

2018-06-17 14-34-14   ---   借阅证号：2016081002	读者：王芳查询了自己的信息.

2018-06-17 14-36-20   ---   借阅证号：2016081002	读者：王芳进入了个人图书信息页面.

2018-06-17 14-36-42   ---   借阅证号：2016081002	读者：王芳进入了缴费页面.

2018-06-17 14-36-48   ---   进入修改密码界面.

2018-06-17 14-36-51   ---   进入预定图书界面.

2018-06-17 14-40-26   ---   超级管理员:WXH登录成功!

2018-06-17 14-44-04   ---   超级管理员:Admin登录成功!

2018-06-17 14-44-20   ---   超级管理员:WXH登录成功!

2018-06-17 14-44-32   ---   删除 借阅号为：123456789的用户

2018-06-17 14-44-37   ---   删除 借阅号为：1234567890的用户

2018-06-17 14-44-46   ---   删除 借阅号为：1234567890的用户

2018-06-17 14-45-35   ---   超级管理员:WXH登录成功!

2018-06-17 14-46-06   ---   添加 用户:WQDWQDWQ(DJOJDOAJ)    465789 123

2018-06-17 14-46-31   ---   删除 借阅号为：DJOJDOAJ的用户

2018-06-17 14-46-34   ---   删除 借阅号为：DJOJDOAJ的用户

2018-06-17 14-46-53   ---   删除 借阅号为：DJOJDOAJ的用户

2018-06-17 14-46-55   ---   删除 借阅号为：DJOJDOAJ的用户

2018-06-17 14-47-09   ---   删除 借阅号为：DJOJDOAJ的用户

2018-06-17 14-47-11   ---   删除 借阅号为：DJOJDOAJ的用户

2018-06-17 14-47-12   ---   删除 借阅号为：DJOJDOAJ的用户

2018-06-17 14-47-14   ---   删除 借阅号为：DJOJDOAJ的用户

2018-06-17 14-47-15   ---   删除 借阅号为：DJOJDOAJ的用户

2018-06-17 14-55-26   ---   超级管理员:WXH登录成功!

2018-06-17 15-01-48   ---   借阅证号:2016081002读者:王芳登录成功!

2018-06-17 15-02-19   ---   借阅证号：2016081002	读者：王芳查询了自己的信息.

2018-06-17 15-02-30   ---   借阅证号：2016081002	读者：王芳查询了自己的信息.

2018-06-17 15-02-51   ---   进入预定图书界面.

2018-06-17 15-03-29   ---   借阅证号：2016081002	读者：王芳进入了缴费页面.

2018-06-17 15-03-33   ---   进入预定图书界面.

2018-06-17 15-04-09   ---   借阅证号:2016081002读者:王芳登录成功!

2018-06-17 15-04-13   ---   借阅证号：2016081002	读者：王芳进入了个人图书信息页面.

2018-06-17 15-04-31   ---   借阅证号：2016081002	读者：王芳进入了缴费页面.

2018-06-17 15-04-33   ---   进入修改密码界面.

2018-06-17 15-04-35   ---   进入修改密码界面.

2018-06-17 15-06-24   ---   借阅证号:2016081002读者:王芳登录成功!

2018-06-17 15-06-26   ---   进入预定图书界面.

2018-06-17 15-06-33   ---   进入预定图书界面.

2018-06-17 15-06-45   ---   进入预定图书界面.

2018-06-17 17-04-32   ---   超级管理员:Admin登录成功!

2018-06-17 17-05-09   ---   删除 编号为: 01011371321 ID号为: 003 的书籍

2018-06-17 17-05-48   ---   借阅证号:2012041101读者:宋别登录成功!

2018-06-17 17-38-42   ---   借阅证号:2016081002读者:王芳登录成功!

2018-06-17 17-38-50   ---   借阅证号：2016081002	读者：王芳查询了自己的信息.

2018-06-17 17-38-53   ---   借阅证号：2016081002	读者：王芳查询了自己的信息.

2018-06-17 17-38-55   ---   进入修改密码界面.

2018-06-17 19-43-49   ---   借阅证号:2016081002读者:王芳登录成功!

2018-06-17 19-43-50   ---   进入修改密码界面.

2018-06-17 19-44-32   ---   借阅证号：2016081002	读者：王芳进入了缴费页面.

