2018-06-21 00:06:30   ---   借阅证号:2016081002读者:王芳登录成功!

2018-06-21 00:06:34   ---   进入预定图书界面.

2018-06-21 00:06:38   ---   2016081002取消预定《人性的弱点》成功！

2018-06-21 00:06:40   ---   进入预定图书界面.

2018-06-21 00:06:46   ---   2016081002预定《此生未完成》成功！

2018-06-21 00:06:48   ---   2016081002预定《人性的弱点》成功！

2018-06-21 00:07:52   ---   借阅证号:2016081002读者:王芳登录成功!

2018-06-21 00:07:53   ---   进入修改密码界面.

2018-06-21 00:08:50   ---   借阅证号:2016081002读者:王芳登录成功!

2018-06-21 00:08:52   ---   进入预定图书界面.

2018-06-21 00:08:56   ---   2016081002取消预定《此生未完成》成功！

2018-06-21 00:10:24   ---   借阅证号:2016081002读者:王芳登录成功!

2018-06-21 00:10:26   ---   进入预定图书界面.

2018-06-21 00:11:56   ---   进入预定图书界面.

2018-06-21 00:12:01   ---   2016081002预定《。。。》成功！

2018-06-21 00:13:51   ---   超级管理员:LXL登录成功!

2018-06-21 00:14:01   ---   删除 编号为: 111111 ID号为: 111 的书籍

2018-06-21 00:14:23   ---   借阅证号:2016081002读者:王芳登录成功!

2018-06-21 00:15:13   ---   进入预定图书界面.

2018-06-21 00:15:16   ---   2016081002取消预定《人性的弱点》成功！

2018-06-21 00:15:43   ---   借阅证号:2016080808读者:李四登录成功!

2018-06-21 00:15:46   ---   进入预定图书界面.

2018-06-21 00:15:52   ---   2016080808预定《人性的弱点》成功！

2018-06-21 00:16:15   ---     借阅ID为：013  的图书,
2018-06-21 00:16:18   ---   进入预定图书界面.

